<?xml version="1.0" encoding="UTF-8"?>
<testng-results skipped="0" failed="0" ignored="0" total="1" passed="1">
  <reporter-output>
  </reporter-output>
  <suite name="Default suite" duration-ms="29123" started-at="2021-04-06T22:12:09Z" finished-at="2021-04-06T22:12:38Z">
    <groups>
    </groups>
    <test name="Default test" duration-ms="29123" started-at="2021-04-06T22:12:09Z" finished-at="2021-04-06T22:12:38Z">
      <class name="com.driver.factory.Apptest">
        <test-method status="PASS" signature="kickStart2()[pri:2, instance:com.driver.factory.Apptest@463fd068]" name="kickStart2" duration-ms="28933" started-at="2021-04-07T03:42:09Z" finished-at="2021-04-07T03:42:38Z">
          <reporter-output>
          </reporter-output>
        </test-method> <!-- kickStart2 -->
      </class> <!-- com.driver.factory.Apptest -->
    </test> <!-- Default test -->
  </suite> <!-- Default suite -->
</testng-results>
